2024-03-04 00:00:05,044 INFO  2023年http://product.dangdang.com/29281158.html的图书信息解析完成...
2024-03-04 00:00:05,070 INFO  开始将2023年的图书信息写入到文件中...
2024-03-04 00:00:05,071 INFO  2023年的图书信息写入到文件完成...
2024-03-04 00:00:08,093 INFO  文件./data/2023/bests_sellers//bests_sellers_3_month.csv已经存在，不需要创建文件
2024-03-04 00:00:11,145 INFO  开始解析2023年http://product.dangdang.com/29492339.html的图书信息...
2024-03-04 00:00:27,523 INFO  2023年http://product.dangdang.com/29492339.html的图书信息解析完成...
2024-03-04 00:00:27,524 INFO  开始将2023年的图书信息写入到文件中...
2024-03-04 00:00:27,525 INFO  2023年的图书信息写入到文件完成...
2024-03-04 00:00:30,554 INFO  文件./data/2023/bests_sellers//bests_sellers_3_month.csv已经存在，不需要创建文件
2024-03-04 00:00:33,605 INFO  开始解析2023年http://product.dangdang.com/25233927.html的图书信息...
2024-03-04 00:00:49,881 INFO  2023年http://product.dangdang.com/25233927.html的图书信息解析完成...
2024-03-04 00:00:49,881 INFO  开始将2023年的图书信息写入到文件中...
2024-03-04 00:00:49,881 INFO  2023年的图书信息写入到文件完成...
2024-03-04 00:00:52,908 INFO  文件./data/2023/bests_sellers//bests_sellers_3_month.csv已经存在，不需要创建文件
2024-03-04 00:00:55,955 INFO  开始解析2023年http://product.dangdang.com/29140217.html的图书信息...
2024-03-04 00:01:12,261 INFO  2023年http://product.dangdang.com/29140217.html的图书信息解析完成...
2024-03-04 00:01:12,262 INFO  开始将2023年的图书信息写入到文件中...
2024-03-04 00:01:12,263 INFO  2023年的图书信息写入到文件完成...
2024-03-04 00:01:15,274 INFO  文件./data/2023/bests_sellers//bests_sellers_3_month.csv已经存在，不需要创建文件
2024-03-04 00:01:18,314 INFO  开始解析2023年http://product.dangdang.com/27859288.html的图书信息...
2024-03-04 00:01:34,644 INFO  2023年http://product.dangdang.com/27859288.html的图书信息解析完成...
2024-03-04 00:01:34,644 INFO  开始将2023年的图书信息写入到文件中...
2024-03-04 00:01:34,645 INFO  2023年的图书信息写入到文件完成...
2024-03-04 00:01:37,663 INFO  文件./data/2023/bests_sellers//bests_sellers_3_month.csv已经存在，不需要创建文件
2024-03-04 00:01:41,612 INFO  开始解析2023年http://product.dangdang.com/27913770.html的图书信息...
2024-03-04 00:01:57,967 INFO  2023年http://product.dangdang.com/27913770.html的图书信息解析完成...
2024-03-04 00:01:57,968 INFO  开始将2023年的图书信息写入到文件中...
2024-03-04 00:01:57,968 INFO  2023年的图书信息写入到文件完成...
2024-03-04 00:02:00,987 INFO  文件./data/2023/bests_sellers//bests_sellers_3_month.csv已经存在，不需要创建文件
2024-03-04 00:02:07,234 INFO  开始解析2023年http://product.dangdang.com/29408238.html的图书信息...
2024-03-04 00:02:13,769 INFO  2023年http://product.dangdang.com/29408238.html的图书信息解析完成...
2024-03-04 00:02:13,770 INFO  开始将2023年的图书信息写入到文件中...
2024-03-04 00:02:13,770 INFO  2023年的图书信息写入到文件完成...
2024-03-04 00:02:16,795 INFO  文件./data/2023/bests_sellers//bests_sellers_3_month.csv已经存在，不需要创建文件
2024-03-04 00:02:19,846 INFO  开始解析2023年http://product.dangdang.com/27924057.html的图书信息...
2024-03-04 00:02:36,188 INFO  2023年http://product.dangdang.com/27924057.html的图书信息解析完成...
2024-03-04 00:02:36,189 INFO  开始将2023年的图书信息写入到文件中...
2024-03-04 00:02:36,189 INFO  2023年的图书信息写入到文件完成...
2024-03-04 00:02:39,202 INFO  文件./data/2023/bests_sellers//bests_sellers_3_month.csv已经存在，不需要创建文件
2024-03-04 00:02:42,252 INFO  开始解析2023年http://product.dangdang.com/27931206.html的图书信息...
2024-03-04 00:02:58,560 INFO  2023年http://product.dangdang.com/27931206.html的图书信息解析完成...
2024-03-04 00:02:58,560 INFO  开始将2023年的图书信息写入到文件中...
2024-03-04 00:02:58,560 INFO  2023年的图书信息写入到文件完成...
2024-03-04 00:03:01,585 INFO  文件./data/2023/bests_sellers//bests_sellers_3_month.csv已经存在，不需要创建文件
2024-03-04 00:03:04,632 INFO  开始解析2023年http://product.dangdang.com/28976722.html的图书信息...
2024-03-04 00:03:20,923 INFO  2023年http://product.dangdang.com/28976722.html的图书信息解析完成...
2024-03-04 00:03:20,923 INFO  开始将2023年的图书信息写入到文件中...
2024-03-04 00:03:20,924 INFO  2023年的图书信息写入到文件完成...
2024-03-04 00:03:23,946 INFO  文件./data/2023/bests_sellers//bests_sellers_3_month.csv已经存在，不需要创建文件
2024-03-04 00:03:29,462 INFO  开始解析2023年http://product.dangdang.com/29278002.html的图书信息...
2024-03-04 00:03:36,023 INFO  2023年http://product.dangdang.com/29278002.html的图书信息解析完成...
2024-03-04 00:03:36,023 INFO  开始将2023年的图书信息写入到文件中...
2024-03-04 00:03:36,024 INFO  2023年的图书信息写入到文件完成...
2024-03-04 00:03:39,039 INFO  文件./data/2023/bests_sellers//bests_sellers_3_month.csv已经存在，不需要创建文件
2024-03-04 00:03:42,082 INFO  开始解析2023年http://product.dangdang.com/29173387.html的图书信息...
2024-03-04 00:03:58,370 INFO  2023年http://product.dangdang.com/29173387.html的图书信息解析完成...
2024-03-04 00:03:58,371 INFO  开始将2023年的图书信息写入到文件中...
2024-03-04 00:03:58,371 INFO  2023年的图书信息写入到文件完成...
2024-03-04 00:04:01,392 INFO  文件./data/2023/bests_sellers//bests_sellers_3_month.csv已经存在，不需要创建文件
2024-03-04 00:04:04,442 INFO  开始解析2023年http://product.dangdang.com/24044642.html的图书信息...
2024-03-04 00:04:20,702 INFO  2023年http://product.dangdang.com/24044642.html的图书信息解析完成...
2024-03-04 00:04:20,703 INFO  开始将2023年的图书信息写入到文件中...
2024-03-04 00:04:20,703 INFO  2023年的图书信息写入到文件完成...
2024-03-04 00:04:23,714 INFO  文件./data/2023/bests_sellers//bests_sellers_3_month.csv已经存在，不需要创建文件
2024-03-04 00:04:26,757 INFO  开始解析2023年http://product.dangdang.com/29167684.html的图书信息...
2024-03-04 00:04:43,087 INFO  2023年http://product.dangdang.com/29167684.html的图书信息解析完成...
2024-03-04 00:04:43,088 INFO  开始将2023年的图书信息写入到文件中...
2024-03-04 00:04:43,089 INFO  2023年的图书信息写入到文件完成...
2024-03-04 00:04:46,113 INFO  文件./data/2023/bests_sellers//bests_sellers_3_month.csv已经存在，不需要创建文件
2024-03-04 00:04:49,156 INFO  开始解析2023年http://product.dangdang.com/27941986.html的图书信息...
2024-03-04 00:05:05,444 INFO  2023年http://product.dangdang.com/27941986.html的图书信息解析完成...
2024-03-04 00:05:05,445 INFO  开始将2023年的图书信息写入到文件中...
2024-03-04 00:05:05,445 INFO  2023年的图书信息写入到文件完成...
2024-03-04 00:05:08,456 INFO  文件./data/2023/bests_sellers//bests_sellers_3_month.csv已经存在，不需要创建文件
2024-03-04 00:05:14,037 INFO  开始解析2023年http://product.dangdang.com/25261327.html的图书信息...
2024-03-04 00:05:20,599 INFO  2023年http://product.dangdang.com/25261327.html的图书信息解析完成...
2024-03-04 00:05:20,599 INFO  开始将2023年的图书信息写入到文件中...
2024-03-04 00:05:20,600 INFO  2023年的图书信息写入到文件完成...
2024-03-04 00:05:23,620 INFO  文件./data/2023/bests_sellers//bests_sellers_3_month.csv已经存在，不需要创建文件
2024-03-04 00:05:29,049 INFO  开始解析2023年http://product.dangdang.com/29128839.html的图书信息...
2024-03-04 00:05:36,934 INFO  2023年http://product.dangdang.com/29128839.html的图书信息解析完成...
2024-03-04 00:05:36,934 INFO  开始将2023年的图书信息写入到文件中...
2024-03-04 00:05:36,935 INFO  2023年的图书信息写入到文件完成...
2024-03-04 00:05:39,956 INFO  文件./data/2023/bests_sellers//bests_sellers_3_month.csv已经存在，不需要创建文件
2024-03-04 00:05:43,054 INFO  开始解析2023年http://product.dangdang.com/29384636.html的图书信息...
2024-03-04 00:05:59,437 INFO  2023年http://product.dangdang.com/29384636.html的图书信息解析完成...
2024-03-04 00:05:59,437 INFO  开始将2023年的图书信息写入到文件中...
2024-03-04 00:05:59,438 INFO  2023年的图书信息写入到文件完成...
2024-03-04 00:06:02,459 INFO  文件./data/2023/bests_sellers//bests_sellers_3_month.csv已经存在，不需要创建文件
2024-03-04 00:06:05,503 INFO  开始解析2023年http://product.dangdang.com/25165143.html的图书信息...
2024-03-04 00:06:21,818 INFO  2023年http://product.dangdang.com/25165143.html的图书信息解析完成...
2024-03-04 00:06:21,819 INFO  开始将2023年的图书信息写入到文件中...
2024-03-04 00:06:21,819 INFO  2023年的图书信息写入到文件完成...
2024-03-04 00:06:24,842 INFO  文件./data/2023/bests_sellers//bests_sellers_3_month.csv已经存在，不需要创建文件
2024-03-04 00:06:27,898 INFO  开始解析2023年http://product.dangdang.com/28997946.html的图书信息...
2024-03-04 00:06:44,213 INFO  2023年http://product.dangdang.com/28997946.html的图书信息解析完成...
2024-03-04 00:06:44,215 INFO  开始将2023年的图书信息写入到文件中...
2024-03-04 00:06:44,215 INFO  2023年的图书信息写入到文件完成...
2024-03-04 00:06:47,243 INFO  文件./data/2023/bests_sellers//bests_sellers_3_month.csv已经存在，不需要创建文件
2024-03-04 00:06:50,290 INFO  开始解析2023年http://product.dangdang.com/23298283.html的图书信息...
2024-03-04 00:07:06,589 INFO  2023年http://product.dangdang.com/23298283.html的图书信息解析完成...
2024-03-04 00:07:06,589 INFO  开始将2023年的图书信息写入到文件中...
2024-03-04 00:07:06,590 INFO  2023年的图书信息写入到文件完成...
2024-03-04 00:07:09,620 INFO  文件./data/2023/bests_sellers//bests_sellers_3_month.csv已经存在，不需要创建文件
2024-03-04 00:07:12,668 INFO  开始解析2023年http://product.dangdang.com/29251809.html的图书信息...
2024-03-04 00:07:29,011 INFO  2023年http://product.dangdang.com/29251809.html的图书信息解析完成...
2024-03-04 00:07:29,012 INFO  开始将2023年的图书信息写入到文件中...
2024-03-04 00:07:29,012 INFO  2023年的图书信息写入到文件完成...
2024-03-04 00:07:32,044 INFO  文件./data/2023/bests_sellers//bests_sellers_3_month.csv已经存在，不需要创建文件
2024-03-04 00:07:35,107 INFO  开始解析2023年http://product.dangdang.com/29272806.html的图书信息...
2024-03-04 00:07:51,442 INFO  2023年http://product.dangdang.com/29272806.html的图书信息解析完成...
2024-03-04 00:07:51,443 INFO  开始将2023年的图书信息写入到文件中...
2024-03-04 00:07:51,443 INFO  2023年的图书信息写入到文件完成...
2024-03-04 00:07:54,467 INFO  文件./data/2023/bests_sellers//bests_sellers_3_month.csv已经存在，不需要创建文件
2024-03-04 00:07:57,525 INFO  开始解析2023年http://product.dangdang.com/25069499.html的图书信息...
2024-03-04 00:08:17,374 INFO  2023年http://product.dangdang.com/25069499.html的图书信息解析完成...
2024-03-04 00:08:17,374 INFO  开始将2023年的图书信息写入到文件中...
2024-03-04 00:08:17,375 INFO  2023年的图书信息写入到文件完成...
2024-03-04 00:08:20,409 INFO  文件./data/2023/bests_sellers//bests_sellers_3_month.csv已经存在，不需要创建文件
2024-03-04 00:08:25,359 INFO  开始解析2023年http://product.dangdang.com/27942606.html的图书信息...
2024-03-04 00:08:31,894 INFO  2023年http://product.dangdang.com/27942606.html的图书信息解析完成...
2024-03-04 00:08:31,894 INFO  开始将2023年的图书信息写入到文件中...
2024-03-04 00:08:31,895 INFO  2023年的图书信息写入到文件完成...
2024-03-04 00:08:34,924 INFO  文件./data/2023/bests_sellers//bests_sellers_3_month.csv已经存在，不需要创建文件
2024-03-04 00:08:37,985 INFO  开始解析2023年http://product.dangdang.com/25323113.html的图书信息...
2024-03-04 00:08:54,364 INFO  2023年http://product.dangdang.com/25323113.html的图书信息解析完成...
2024-03-04 00:08:54,364 INFO  开始将2023年的图书信息写入到文件中...
2024-03-04 00:08:54,366 INFO  2023年的图书信息写入到文件完成...
2024-03-04 00:08:57,386 INFO  文件./data/2023/bests_sellers//bests_sellers_3_month.csv已经存在，不需要创建文件
2024-03-04 00:09:00,436 INFO  开始解析2023年http://product.dangdang.com/28976709.html的图书信息...
2024-03-04 00:09:16,766 INFO  2023年http://product.dangdang.com/28976709.html的图书信息解析完成...
2024-03-04 00:09:16,767 INFO  开始将2023年的图书信息写入到文件中...
2024-03-04 00:09:16,768 INFO  2023年的图书信息写入到文件完成...
2024-03-04 00:09:19,788 INFO  文件./data/2023/bests_sellers//bests_sellers_3_month.csv已经存在，不需要创建文件
2024-03-04 00:09:25,092 INFO  开始解析2023年http://product.dangdang.com/29253544.html的图书信息...
2024-03-04 00:09:31,640 INFO  2023年http://product.dangdang.com/29253544.html的图书信息解析完成...
2024-03-04 00:09:31,640 INFO  开始将2023年的图书信息写入到文件中...
2024-03-04 00:09:31,641 INFO  2023年的图书信息写入到文件完成...
2024-03-04 00:09:34,649 INFO  文件./data/2023/bests_sellers//bests_sellers_3_month.csv已经存在，不需要创建文件
2024-03-04 00:09:37,694 INFO  开始解析2023年http://product.dangdang.com/25246609.html的图书信息...
2024-03-04 00:09:53,993 INFO  2023年http://product.dangdang.com/25246609.html的图书信息解析完成...
2024-03-04 00:09:53,994 INFO  开始将2023年的图书信息写入到文件中...
2024-03-04 00:09:53,994 INFO  2023年的图书信息写入到文件完成...
2024-03-04 00:09:57,024 INFO  文件./data/2023/bests_sellers//bests_sellers_3_month.csv已经存在，不需要创建文件
2024-03-04 00:10:00,078 INFO  开始解析2023年http://product.dangdang.com/29508079.html的图书信息...
2024-03-04 00:10:16,400 INFO  2023年http://product.dangdang.com/29508079.html的图书信息解析完成...
2024-03-04 00:10:16,400 INFO  开始将2023年的图书信息写入到文件中...
2024-03-04 00:10:16,400 INFO  2023年的图书信息写入到文件完成...
2024-03-04 00:10:19,434 INFO  文件./data/2023/bests_sellers//bests_sellers_3_month.csv已经存在，不需要创建文件
2024-03-04 00:10:22,486 INFO  开始解析2023年http://product.dangdang.com/29215350.html的图书信息...
2024-03-04 00:10:38,771 INFO  2023年http://product.dangdang.com/29215350.html的图书信息解析完成...
2024-03-04 00:10:38,771 INFO  开始将2023年的图书信息写入到文件中...
2024-03-04 00:10:38,772 INFO  2023年的图书信息写入到文件完成...
2024-03-04 00:10:41,800 INFO  文件./data/2023/bests_sellers//bests_sellers_3_month.csv已经存在，不需要创建文件
2024-03-04 00:10:44,844 INFO  开始解析2023年http://product.dangdang.com/27872661.html的图书信息...
2024-03-04 00:11:03,766 INFO  2023年http://product.dangdang.com/27872661.html的图书信息解析完成...
2024-03-04 00:11:03,767 INFO  开始将2023年的图书信息写入到文件中...
2024-03-04 00:11:03,767 INFO  2023年的图书信息写入到文件完成...
2024-03-04 00:11:06,776 INFO  文件./data/2023/bests_sellers//bests_sellers_3_month.csv已经存在，不需要创建文件
2024-03-04 00:11:09,866 INFO  开始解析2023年http://product.dangdang.com/29473869.html的图书信息...
2024-03-04 00:11:26,190 INFO  2023年http://product.dangdang.com/29473869.html的图书信息解析完成...
2024-03-04 00:11:26,191 INFO  开始将2023年的图书信息写入到文件中...
2024-03-04 00:11:26,191 INFO  2023年的图书信息写入到文件完成...
2024-03-04 00:11:29,212 INFO  文件./data/2023/bests_sellers//bests_sellers_3_month.csv已经存在，不需要创建文件
2024-03-04 00:11:32,263 INFO  开始解析2023年http://product.dangdang.com/29122655.html的图书信息...
2024-03-04 00:11:48,489 INFO  2023年http://product.dangdang.com/29122655.html的图书信息解析完成...
2024-03-04 00:11:48,490 INFO  开始将2023年的图书信息写入到文件中...
2024-03-04 00:11:48,490 INFO  2023年的图书信息写入到文件完成...
2024-03-04 00:11:51,512 INFO  文件./data/2023/bests_sellers//bests_sellers_3_month.csv已经存在，不需要创建文件
2024-03-04 00:11:54,557 INFO  开始解析2023年http://product.dangdang.com/25211719.html的图书信息...
2024-03-04 00:12:10,865 INFO  2023年http://product.dangdang.com/25211719.html的图书信息解析完成...
2024-03-04 00:12:10,865 INFO  开始将2023年的图书信息写入到文件中...
2024-03-04 00:12:10,866 INFO  2023年的图书信息写入到文件完成...
2024-03-04 00:12:13,888 INFO  文件./data/2023/bests_sellers//bests_sellers_3_month.csv已经存在，不需要创建文件
2024-03-04 00:12:16,940 INFO  开始解析2023年http://product.dangdang.com/29453479.html的图书信息...
2024-03-04 00:12:33,230 INFO  2023年http://product.dangdang.com/29453479.html的图书信息解析完成...
2024-03-04 00:12:33,230 INFO  开始将2023年的图书信息写入到文件中...
2024-03-04 00:12:33,231 INFO  2023年的图书信息写入到文件完成...
2024-03-04 00:12:36,263 INFO  文件./data/2023/bests_sellers//bests_sellers_3_month.csv已经存在，不需要创建文件
2024-03-04 00:12:41,963 INFO  开始解析2023年http://product.dangdang.com/28542693.html的图书信息...
2024-03-04 00:12:48,506 INFO  2023年http://product.dangdang.com/28542693.html的图书信息解析完成...
2024-03-04 00:12:48,507 INFO  开始将2023年的图书信息写入到文件中...
2024-03-04 00:12:48,507 INFO  2023年的图书信息写入到文件完成...
2024-03-04 00:12:51,519 INFO  文件./data/2023/bests_sellers//bests_sellers_3_month.csv已经存在，不需要创建文件
2024-03-04 00:12:54,574 INFO  开始解析2023年http://product.dangdang.com/29393845.html的图书信息...
2024-03-04 00:13:10,903 INFO  2023年http://product.dangdang.com/29393845.html的图书信息解析完成...
2024-03-04 00:13:10,903 INFO  开始将2023年的图书信息写入到文件中...
2024-03-04 00:13:10,903 INFO  2023年的图书信息写入到文件完成...
2024-03-04 00:13:13,931 INFO  文件./data/2023/bests_sellers//bests_sellers_3_month.csv已经存在，不需要创建文件
2024-03-04 00:13:16,978 INFO  开始解析2023年http://product.dangdang.com/28524529.html的图书信息...
2024-03-04 00:13:33,317 INFO  2023年http://product.dangdang.com/28524529.html的图书信息解析完成...
2024-03-04 00:13:33,318 INFO  开始将2023年的图书信息写入到文件中...
2024-03-04 00:13:33,320 INFO  2023年的图书信息写入到文件完成...
2024-03-04 00:13:36,343 INFO  文件./data/2023/bests_sellers//bests_sellers_3_month.csv已经存在，不需要创建文件
2024-03-04 00:13:41,720 INFO  开始解析2023年http://product.dangdang.com/29412552.html的图书信息...
2024-03-04 00:13:48,231 INFO  2023年http://product.dangdang.com/29412552.html的图书信息解析完成...
2024-03-04 00:13:48,231 INFO  开始将2023年的图书信息写入到文件中...
2024-03-04 00:13:48,232 INFO  2023年的图书信息写入到文件完成...
2024-03-04 00:13:51,238 INFO  文件./data/2023/bests_sellers//bests_sellers_3_month.csv已经存在，不需要创建文件
2024-03-04 00:13:54,353 INFO  开始解析2023年http://product.dangdang.com/29132118.html的图书信息...
2024-03-04 00:14:10,734 INFO  2023年http://product.dangdang.com/29132118.html的图书信息解析完成...
2024-03-04 00:14:10,735 INFO  开始将2023年的图书信息写入到文件中...
2024-03-04 00:14:10,735 INFO  2023年的图书信息写入到文件完成...
2024-03-04 00:14:13,748 INFO  文件./data/2023/bests_sellers//bests_sellers_3_month.csv已经存在，不需要创建文件
2024-03-04 00:14:16,804 INFO  开始解析2023年http://product.dangdang.com/26312676.html的图书信息...
2024-03-04 00:14:33,148 INFO  2023年http://product.dangdang.com/26312676.html的图书信息解析完成...
2024-03-04 00:14:33,148 INFO  开始将2023年的图书信息写入到文件中...
2024-03-04 00:14:33,149 INFO  2023年的图书信息写入到文件完成...
2024-03-04 00:14:36,161 INFO  文件./data/2023/bests_sellers//bests_sellers_3_month.csv已经存在，不需要创建文件
2024-03-04 00:14:39,210 INFO  开始解析2023年http://product.dangdang.com/28477259.html的图书信息...
2024-03-04 00:14:55,438 INFO  2023年http://product.dangdang.com/28477259.html的图书信息解析完成...
2024-03-04 00:14:55,439 INFO  开始将2023年的图书信息写入到文件中...
2024-03-04 00:14:55,439 INFO  2023年的图书信息写入到文件完成...
2024-03-04 00:14:58,466 INFO  文件./data/2023/bests_sellers//bests_sellers_3_month.csv已经存在，不需要创建文件
2024-03-04 00:15:03,995 INFO  开始解析2023年http://product.dangdang.com/29298908.html的图书信息...
2024-03-04 00:15:10,574 INFO  2023年http://product.dangdang.com/29298908.html的图书信息解析完成...
2024-03-04 00:15:10,575 INFO  开始将2023年的图书信息写入到文件中...
2024-03-04 00:15:10,575 INFO  2023年的图书信息写入到文件完成...
2024-03-04 00:15:13,599 INFO  文件./data/2023/bests_sellers//bests_sellers_3_month.csv已经存在，不需要创建文件
2024-03-04 00:15:16,662 INFO  开始解析2023年http://product.dangdang.com/29148971.html的图书信息...
2024-03-04 00:15:33,014 INFO  2023年http://product.dangdang.com/29148971.html的图书信息解析完成...
2024-03-04 00:15:33,014 INFO  开始将2023年的图书信息写入到文件中...
2024-03-04 00:15:33,015 INFO  2023年的图书信息写入到文件完成...
2024-03-04 00:15:36,028 INFO  文件./data/2023/bests_sellers//bests_sellers_3_month.csv已经存在，不需要创建文件
2024-03-04 00:15:39,077 INFO  开始解析2023年http://product.dangdang.com/25215594.html的图书信息...
2024-03-04 00:15:55,365 INFO  2023年http://product.dangdang.com/25215594.html的图书信息解析完成...
2024-03-04 00:15:55,365 INFO  开始将2023年的图书信息写入到文件中...
2024-03-04 00:15:55,366 INFO  2023年的图书信息写入到文件完成...
2024-03-04 00:15:58,372 INFO  文件./data/2023/bests_sellers//bests_sellers_3_month.csv已经存在，不需要创建文件
2024-03-04 00:16:01,417 INFO  开始解析2023年http://product.dangdang.com/25259300.html的图书信息...
2024-03-04 00:16:17,700 INFO  2023年http://product.dangdang.com/25259300.html的图书信息解析完成...
2024-03-04 00:16:17,701 INFO  开始将2023年的图书信息写入到文件中...
2024-03-04 00:16:17,701 INFO  2023年的图书信息写入到文件完成...
2024-03-04 00:16:20,736 INFO  文件./data/2023/bests_sellers//bests_sellers_3_month.csv已经存在，不需要创建文件
2024-03-04 00:16:23,784 INFO  开始解析2023年http://product.dangdang.com/29458883.html的图书信息...
2024-03-04 00:16:40,098 INFO  2023年http://product.dangdang.com/29458883.html的图书信息解析完成...
2024-03-04 00:16:40,098 INFO  开始将2023年的图书信息写入到文件中...
2024-03-04 00:16:40,098 INFO  2023年的图书信息写入到文件完成...
2024-03-04 00:16:43,112 INFO  文件./data/2023/bests_sellers//bests_sellers_3_month.csv已经存在，不需要创建文件
2024-03-04 00:16:46,156 INFO  开始解析2023年http://product.dangdang.com/23778791.html的图书信息...
2024-03-04 00:17:02,417 INFO  2023年http://product.dangdang.com/23778791.html的图书信息解析完成...
2024-03-04 00:17:02,418 INFO  开始将2023年的图书信息写入到文件中...
2024-03-04 00:17:02,418 INFO  2023年的图书信息写入到文件完成...
2024-03-04 00:17:05,443 INFO  文件./data/2023/bests_sellers//bests_sellers_3_month.csv已经存在，不需要创建文件
2024-03-04 00:17:10,758 INFO  开始解析2023年http://product.dangdang.com/27380294.html的图书信息...
2024-03-04 00:17:17,297 INFO  2023年http://product.dangdang.com/27380294.html的图书信息解析完成...
2024-03-04 00:17:17,297 INFO  开始将2023年的图书信息写入到文件中...
2024-03-04 00:17:17,297 INFO  2023年的图书信息写入到文件完成...
2024-03-04 00:17:20,311 INFO  文件./data/2023/bests_sellers//bests_sellers_3_month.csv已经存在，不需要创建文件
2024-03-04 00:17:23,361 INFO  开始解析2023年http://product.dangdang.com/25311931.html的图书信息...
2024-03-04 00:17:39,684 INFO  2023年http://product.dangdang.com/25311931.html的图书信息解析完成...
2024-03-04 00:17:39,685 INFO  开始将2023年的图书信息写入到文件中...
2024-03-04 00:17:39,685 INFO  2023年的图书信息写入到文件完成...
2024-03-04 00:17:42,715 INFO  文件./data/2023/bests_sellers//bests_sellers_3_month.csv已经存在，不需要创建文件
2024-03-04 00:17:45,764 INFO  开始解析2023年http://product.dangdang.com/29403033.html的图书信息...
2024-03-04 00:18:02,026 INFO  2023年http://product.dangdang.com/29403033.html的图书信息解析完成...
2024-03-04 00:18:02,026 INFO  开始将2023年的图书信息写入到文件中...
2024-03-04 00:18:02,026 INFO  2023年的图书信息写入到文件完成...
2024-03-04 00:18:05,058 INFO  文件./data/2023/bests_sellers//bests_sellers_3_month.csv已经存在，不需要创建文件
2024-03-04 00:18:08,116 INFO  开始解析2023年http://product.dangdang.com/25267185.html的图书信息...
2024-03-04 00:18:24,479 INFO  2023年http://product.dangdang.com/25267185.html的图书信息解析完成...
2024-03-04 00:18:24,480 INFO  开始将2023年的图书信息写入到文件中...
2024-03-04 00:18:24,481 INFO  2023年的图书信息写入到文件完成...
2024-03-04 00:18:27,506 INFO  文件./data/2023/bests_sellers//bests_sellers_3_month.csv已经存在，不需要创建文件
2024-03-04 00:18:30,546 INFO  开始解析2023年http://product.dangdang.com/29393900.html的图书信息...
2024-03-04 00:18:48,845 INFO  2023年http://product.dangdang.com/29393900.html的图书信息解析完成...
2024-03-04 00:18:48,845 INFO  开始将2023年的图书信息写入到文件中...
2024-03-04 00:18:48,845 INFO  2023年的图书信息写入到文件完成...
2024-03-04 00:18:51,876 INFO  文件./data/2023/bests_sellers//bests_sellers_3_month.csv已经存在，不需要创建文件
2024-03-04 00:18:54,977 INFO  开始解析2023年http://product.dangdang.com/29117361.html的图书信息...
2024-03-04 00:19:11,340 INFO  2023年http://product.dangdang.com/29117361.html的图书信息解析完成...
2024-03-04 00:19:11,340 INFO  开始将2023年的图书信息写入到文件中...
2024-03-04 00:19:11,341 INFO  2023年的图书信息写入到文件完成...
2024-03-04 00:19:14,361 INFO  文件./data/2023/bests_sellers//bests_sellers_3_month.csv已经存在，不需要创建文件
2024-03-04 00:19:19,907 INFO  开始解析2023年http://product.dangdang.com/25141757.html的图书信息...
2024-03-04 00:19:26,471 INFO  2023年http://product.dangdang.com/25141757.html的图书信息解析完成...
2024-03-04 00:19:26,472 INFO  开始将2023年的图书信息写入到文件中...
2024-03-04 00:19:26,472 INFO  2023年的图书信息写入到文件完成...
2024-03-04 00:19:29,507 INFO  文件./data/2023/bests_sellers//bests_sellers_3_month.csv已经存在，不需要创建文件
2024-03-04 00:19:32,558 INFO  开始解析2023年http://product.dangdang.com/26916948.html的图书信息...
2024-03-04 00:19:48,862 INFO  2023年http://product.dangdang.com/26916948.html的图书信息解析完成...
2024-03-04 00:19:48,862 INFO  开始将2023年的图书信息写入到文件中...
2024-03-04 00:19:48,862 INFO  2023年的图书信息写入到文件完成...
2024-03-04 00:19:51,894 INFO  文件./data/2023/bests_sellers//bests_sellers_3_month.csv已经存在，不需要创建文件
2024-03-04 00:19:54,941 INFO  开始解析2023年http://product.dangdang.com/29337871.html的图书信息...
2024-03-04 00:20:11,191 INFO  2023年http://product.dangdang.com/29337871.html的图书信息解析完成...
2024-03-04 00:20:11,191 INFO  开始将2023年的图书信息写入到文件中...
2024-03-04 00:20:11,192 INFO  2023年的图书信息写入到文件完成...
2024-03-04 00:20:14,217 INFO  文件./data/2023/bests_sellers//bests_sellers_3_month.csv已经存在，不需要创建文件
2024-03-04 00:20:38,596 INFO  开始解析2023年http://product.dangdang.com/25272786.html的图书信息...
2024-03-04 00:20:45,133 INFO  2023年http://product.dangdang.com/25272786.html的图书信息解析完成...
2024-03-04 00:20:45,133 INFO  开始将2023年的图书信息写入到文件中...
2024-03-04 00:20:45,134 INFO  2023年的图书信息写入到文件完成...
2024-03-04 00:20:48,145 INFO  文件./data/2023/bests_sellers//bests_sellers_3_month.csv已经存在，不需要创建文件
2024-03-04 00:20:51,193 INFO  开始解析2023年http://product.dangdang.com/29447951.html的图书信息...
2024-03-04 00:21:07,553 INFO  2023年http://product.dangdang.com/29447951.html的图书信息解析完成...
2024-03-04 00:21:07,554 INFO  开始将2023年的图书信息写入到文件中...
2024-03-04 00:21:07,554 INFO  2023年的图书信息写入到文件完成...
2024-03-04 00:21:10,574 INFO  文件./data/2023/bests_sellers//bests_sellers_3_month.csv已经存在，不需要创建文件
2024-03-04 00:21:13,614 INFO  开始解析2023年http://product.dangdang.com/29351016.html的图书信息...
2024-03-04 00:21:29,917 INFO  2023年http://product.dangdang.com/29351016.html的图书信息解析完成...
2024-03-04 00:21:29,917 INFO  开始将2023年的图书信息写入到文件中...
2024-03-04 00:21:29,918 INFO  2023年的图书信息写入到文件完成...
2024-03-04 00:21:32,936 INFO  文件./data/2023/bests_sellers//bests_sellers_3_month.csv已经存在，不需要创建文件
2024-03-04 00:21:35,978 INFO  开始解析2023年http://product.dangdang.com/24183943.html的图书信息...
2024-03-04 00:21:52,248 INFO  2023年http://product.dangdang.com/24183943.html的图书信息解析完成...
2024-03-04 00:21:52,249 INFO  开始将2023年的图书信息写入到文件中...
2024-03-04 00:21:52,250 INFO  2023年的图书信息写入到文件完成...
2024-03-04 00:21:55,277 INFO  文件./data/2023/bests_sellers//bests_sellers_3_month.csv已经存在，不需要创建文件
2024-03-04 00:21:58,335 INFO  开始解析2023年http://product.dangdang.com/27907989.html的图书信息...
2024-03-04 00:22:14,594 INFO  2023年http://product.dangdang.com/27907989.html的图书信息解析完成...
2024-03-04 00:22:14,594 INFO  开始将2023年的图书信息写入到文件中...
2024-03-04 00:22:14,594 INFO  2023年的图书信息写入到文件完成...
2024-03-04 00:22:17,610 INFO  文件./data/2023/bests_sellers//bests_sellers_3_month.csv已经存在，不需要创建文件
2024-03-04 00:22:20,662 INFO  开始解析2023年http://product.dangdang.com/28533668.html的图书信息...
2024-03-04 00:22:36,980 INFO  2023年http://product.dangdang.com/28533668.html的图书信息解析完成...
2024-03-04 00:22:36,980 INFO  开始将2023年的图书信息写入到文件中...
2024-03-04 00:22:36,980 INFO  2023年的图书信息写入到文件完成...
2024-03-04 00:22:39,995 INFO  文件./data/2023/bests_sellers//bests_sellers_3_month.csv已经存在，不需要创建文件
2024-03-04 00:22:43,038 INFO  开始解析2023年http://product.dangdang.com/25099944.html的图书信息...
2024-03-04 00:22:59,337 INFO  2023年http://product.dangdang.com/25099944.html的图书信息解析完成...
2024-03-04 00:22:59,338 INFO  开始将2023年的图书信息写入到文件中...
2024-03-04 00:22:59,339 INFO  2023年的图书信息写入到文件完成...
2024-03-04 00:23:02,365 INFO  文件./data/2023/bests_sellers//bests_sellers_3_month.csv已经存在，不需要创建文件
2024-03-04 00:23:05,424 INFO  开始解析2023年http://product.dangdang.com/29291249.html的图书信息...
2024-03-04 00:23:21,749 INFO  2023年http://product.dangdang.com/29291249.html的图书信息解析完成...
2024-03-04 00:23:21,750 INFO  开始将2023年的图书信息写入到文件中...
2024-03-04 00:23:21,751 INFO  2023年的图书信息写入到文件完成...
2024-03-04 00:23:24,767 INFO  文件./data/2023/bests_sellers//bests_sellers_3_month.csv已经存在，不需要创建文件
2024-03-04 00:23:30,508 INFO  开始解析2023年http://product.dangdang.com/29418319.html的图书信息...
2024-03-04 00:23:37,047 INFO  2023年http://product.dangdang.com/29418319.html的图书信息解析完成...
2024-03-04 00:23:37,047 INFO  开始将2023年的图书信息写入到文件中...
2024-03-04 00:23:37,048 INFO  2023年的图书信息写入到文件完成...
2024-03-04 00:23:40,061 INFO  文件./data/2023/bests_sellers//bests_sellers_3_month.csv已经存在，不需要创建文件
2024-03-04 00:23:43,107 INFO  开始解析2023年http://product.dangdang.com/23194043.html的图书信息...
2024-03-04 00:23:59,483 INFO  2023年http://product.dangdang.com/23194043.html的图书信息解析完成...
2024-03-04 00:23:59,484 INFO  开始将2023年的图书信息写入到文件中...
2024-03-04 00:23:59,484 INFO  2023年的图书信息写入到文件完成...
2024-03-04 00:24:02,499 INFO  文件./data/2023/bests_sellers//bests_sellers_3_month.csv已经存在，不需要创建文件
2024-03-04 00:24:05,538 INFO  开始解析2023年http://product.dangdang.com/25230589.html的图书信息...
2024-03-04 00:24:21,866 INFO  2023年http://product.dangdang.com/25230589.html的图书信息解析完成...
2024-03-04 00:24:21,867 INFO  开始将2023年的图书信息写入到文件中...
2024-03-04 00:24:21,867 INFO  2023年的图书信息写入到文件完成...
2024-03-04 00:24:24,882 INFO  文件./data/2023/bests_sellers//bests_sellers_3_month.csv已经存在，不需要创建文件
2024-03-04 00:24:27,924 INFO  开始解析2023年http://product.dangdang.com/28540864.html的图书信息...
2024-03-04 00:24:44,253 INFO  2023年http://product.dangdang.com/28540864.html的图书信息解析完成...
2024-03-04 00:24:44,253 INFO  开始将2023年的图书信息写入到文件中...
2024-03-04 00:24:44,254 INFO  2023年的图书信息写入到文件完成...
2024-03-04 00:24:47,280 INFO  文件./data/2023/bests_sellers//bests_sellers_3_month.csv已经存在，不需要创建文件
2024-03-04 00:24:50,329 INFO  开始解析2023年http://product.dangdang.com/29437347.html的图书信息...
2024-03-04 00:25:06,625 INFO  2023年http://product.dangdang.com/29437347.html的图书信息解析完成...
2024-03-04 00:25:06,625 INFO  开始将2023年的图书信息写入到文件中...
2024-03-04 00:25:06,626 INFO  2023年的图书信息写入到文件完成...
2024-03-04 00:25:09,653 INFO  文件./data/2023/bests_sellers//bests_sellers_3_month.csv已经存在，不需要创建文件
2024-03-04 00:25:15,263 INFO  开始解析2023年http://product.dangdang.com/29474585.html的图书信息...
2024-03-04 00:25:21,842 INFO  2023年http://product.dangdang.com/29474585.html的图书信息解析完成...
2024-03-04 00:25:21,842 INFO  开始将2023年的图书信息写入到文件中...
2024-03-04 00:25:21,842 INFO  2023年的图书信息写入到文件完成...
2024-03-04 00:25:24,854 INFO  文件./data/2023/bests_sellers//bests_sellers_3_month.csv已经存在，不需要创建文件
2024-03-04 00:25:31,215 INFO  开始解析2023年http://product.dangdang.com/25126133.html的图书信息...
2024-03-04 00:25:37,723 INFO  2023年http://product.dangdang.com/25126133.html的图书信息解析完成...
2024-03-04 00:25:37,723 INFO  开始将2023年的图书信息写入到文件中...
2024-03-04 00:25:37,724 INFO  2023年的图书信息写入到文件完成...
2024-03-04 00:25:40,743 INFO  文件./data/2023/bests_sellers//bests_sellers_3_month.csv已经存在，不需要创建文件
2024-03-04 00:25:43,787 INFO  开始解析2023年http://product.dangdang.com/25289386.html的图书信息...
2024-03-04 00:26:00,125 INFO  2023年http://product.dangdang.com/25289386.html的图书信息解析完成...
2024-03-04 00:26:00,125 INFO  开始将2023年的图书信息写入到文件中...
2024-03-04 00:26:00,126 INFO  2023年的图书信息写入到文件完成...
2024-03-04 00:26:03,161 INFO  文件./data/2023/bests_sellers//bests_sellers_3_month.csv已经存在，不需要创建文件
2024-03-04 00:26:06,212 INFO  开始解析2023年http://product.dangdang.com/29199440.html的图书信息...
2024-03-04 00:26:22,561 INFO  2023年http://product.dangdang.com/29199440.html的图书信息解析完成...
2024-03-04 00:26:22,562 INFO  开始将2023年的图书信息写入到文件中...
2024-03-04 00:26:22,563 INFO  2023年的图书信息写入到文件完成...
2024-03-04 00:26:25,582 INFO  文件./data/2023/bests_sellers//bests_sellers_3_month.csv已经存在，不需要创建文件
2024-03-04 00:26:28,628 INFO  开始解析2023年http://product.dangdang.com/26510848.html的图书信息...
2024-03-04 00:26:44,908 INFO  2023年http://product.dangdang.com/26510848.html的图书信息解析完成...
2024-03-04 00:26:44,908 INFO  开始将2023年的图书信息写入到文件中...
2024-03-04 00:26:44,909 INFO  2023年的图书信息写入到文件完成...
2024-03-04 00:26:47,935 INFO  文件./data/2023/bests_sellers//bests_sellers_3_month.csv已经存在，不需要创建文件
2024-03-04 00:26:50,989 INFO  开始解析2023年http://product.dangdang.com/29249369.html的图书信息...
2024-03-04 00:27:10,657 INFO  2023年http://product.dangdang.com/29249369.html的图书信息解析完成...
2024-03-04 00:27:10,657 INFO  开始将2023年的图书信息写入到文件中...
2024-03-04 00:27:10,657 INFO  2023年的图书信息写入到文件完成...
2024-03-04 00:27:13,678 INFO  文件./data/2023/bests_sellers//bests_sellers_3_month.csv已经存在，不需要创建文件
2024-03-04 00:27:19,287 INFO  开始解析2023年http://product.dangdang.com/23946177.html的图书信息...
2024-03-04 00:27:25,879 INFO  2023年http://product.dangdang.com/23946177.html的图书信息解析完成...
2024-03-04 00:27:25,879 INFO  开始将2023年的图书信息写入到文件中...
2024-03-04 00:27:25,880 INFO  2023年的图书信息写入到文件完成...
2024-03-04 00:27:28,903 INFO  文件./data/2023/bests_sellers//bests_sellers_3_month.csv已经存在，不需要创建文件
2024-03-04 00:27:31,945 INFO  开始解析2023年http://product.dangdang.com/23618525.html的图书信息...
2024-03-04 00:27:48,349 INFO  2023年http://product.dangdang.com/23618525.html的图书信息解析完成...
2024-03-04 00:27:48,350 INFO  开始将2023年的图书信息写入到文件中...
2024-03-04 00:27:48,350 INFO  2023年的图书信息写入到文件完成...
2024-03-04 00:27:51,380 INFO  文件./data/2023/bests_sellers//bests_sellers_3_month.csv已经存在，不需要创建文件
2024-03-04 00:27:54,426 INFO  开始解析2023年http://product.dangdang.com/26490676.html的图书信息...
2024-03-04 00:28:10,706 INFO  2023年http://product.dangdang.com/26490676.html的图书信息解析完成...
2024-03-04 00:28:10,707 INFO  开始将2023年的图书信息写入到文件中...
2024-03-04 00:28:10,707 INFO  2023年的图书信息写入到文件完成...
2024-03-04 00:28:13,729 INFO  文件./data/2023/bests_sellers//bests_sellers_3_month.csv已经存在，不需要创建文件
2024-03-04 00:28:16,773 INFO  开始解析2023年http://product.dangdang.com/25110012.html的图书信息...
2024-03-04 00:28:33,100 INFO  2023年http://product.dangdang.com/25110012.html的图书信息解析完成...
2024-03-04 00:28:33,101 INFO  开始将2023年的图书信息写入到文件中...
2024-03-04 00:28:33,101 INFO  2023年的图书信息写入到文件完成...
2024-03-04 00:28:36,121 INFO  文件./data/2023/bests_sellers//bests_sellers_3_month.csv已经存在，不需要创建文件
2024-03-04 00:28:39,162 INFO  开始解析2023年http://product.dangdang.com/22800645.html的图书信息...
2024-03-04 00:29:00,251 INFO  2023年http://product.dangdang.com/22800645.html的图书信息解析完成...
2024-03-04 00:29:00,252 INFO  开始将2023年的图书信息写入到文件中...
2024-03-04 00:29:00,252 INFO  2023年的图书信息写入到文件完成...
2024-03-04 00:29:03,263 INFO  文件./data/2023/bests_sellers//bests_sellers_3_month.csv已经存在，不需要创建文件
2024-03-04 00:29:08,328 INFO  开始解析2023年http://product.dangdang.com/25284154.html的图书信息...
2024-03-04 00:29:14,879 INFO  2023年http://product.dangdang.com/25284154.html的图书信息解析完成...
2024-03-04 00:29:14,880 INFO  开始将2023年的图书信息写入到文件中...
2024-03-04 00:29:14,880 INFO  2023年的图书信息写入到文件完成...
2024-03-04 00:29:17,898 INFO  文件./data/2023/bests_sellers//bests_sellers_3_month.csv已经存在，不需要创建文件
2024-03-04 00:29:20,953 INFO  开始解析2023年http://product.dangdang.com/104336.html的图书信息...
2024-03-04 00:29:37,304 INFO  2023年http://product.dangdang.com/104336.html的图书信息解析完成...
2024-03-04 00:29:37,304 INFO  开始将2023年的图书信息写入到文件中...
2024-03-04 00:29:37,305 INFO  2023年的图书信息写入到文件完成...
2024-03-04 00:29:40,341 INFO  文件./data/2023/bests_sellers//bests_sellers_3_month.csv已经存在，不需要创建文件
2024-03-04 00:29:43,401 INFO  开始解析2023年http://product.dangdang.com/24198402.html的图书信息...
2024-03-04 00:29:59,639 INFO  2023年http://product.dangdang.com/24198402.html的图书信息解析完成...
2024-03-04 00:29:59,640 INFO  开始将2023年的图书信息写入到文件中...
2024-03-04 00:29:59,640 INFO  2023年的图书信息写入到文件完成...
2024-03-04 00:30:02,650 INFO  文件./data/2023/bests_sellers//bests_sellers_3_month.csv已经存在，不需要创建文件
2024-03-04 00:30:08,206 INFO  开始解析2023年http://product.dangdang.com/29295409.html的图书信息...
2024-03-04 00:30:14,781 INFO  2023年http://product.dangdang.com/29295409.html的图书信息解析完成...
2024-03-04 00:30:14,781 INFO  开始将2023年的图书信息写入到文件中...
2024-03-04 00:30:14,782 INFO  2023年的图书信息写入到文件完成...
2024-03-04 00:30:17,793 INFO  文件./data/2023/bests_sellers//bests_sellers_3_month.csv已经存在，不需要创建文件
2024-03-04 00:30:20,835 INFO  开始解析2023年http://product.dangdang.com/27858613.html的图书信息...
2024-03-04 00:30:37,200 INFO  2023年http://product.dangdang.com/27858613.html的图书信息解析完成...
2024-03-04 00:30:37,200 INFO  开始将2023年的图书信息写入到文件中...
2024-03-04 00:30:37,201 INFO  2023年的图书信息写入到文件完成...
2024-03-04 00:30:40,216 INFO  文件./data/2023/bests_sellers//bests_sellers_3_month.csv已经存在，不需要创建文件
2024-03-04 00:30:43,266 INFO  开始解析2023年http://product.dangdang.com/29003014.html的图书信息...
