2024-03-02 14:47:18,179 INFO  开始获取bests_sellers_0_month_src.csv的图书信息数据...
2024-03-02 14:47:18,310 INFO  读取./data/2020/bests_sellers_0_month_src.csv文件中的数据...
2024-03-02 14:47:21,318 INFO  创建文件./data/2020/bests_sellers_0_month.csv并将头信息写入到文件中
2024-03-02 14:47:22,040 INFO  开始解析2020年http://product.dangdang.com/28473192.html的图书信息...
2024-03-02 14:47:22,166 ERROR  Message: no such element: Unable to locate element: {"method":"xpath","selector":"//*[@id="product_info"]/div[1]/h1"}
  (Session info: chrome=122.0.6261.95); For documentation on this error, please visit: https://www.selenium.dev/documentation/webdriver/troubleshooting/errors#no-such-element-exception
Stacktrace:
	GetHandleVerifier [0x00007FF7893DAD22+56930]
	(No symbol) [0x00007FF78934F622]
	(No symbol) [0x00007FF7892042E5]
	(No symbol) [0x00007FF7892498ED]
	(No symbol) [0x00007FF789249A2C]
	(No symbol) [0x00007FF78928A967]
	(No symbol) [0x00007FF78926BCDF]
	(No symbol) [0x00007FF7892881E2]
	(No symbol) [0x00007FF78926BA43]
	(No symbol) [0x00007FF78923D438]
	(No symbol) [0x00007FF78923E4D1]
	GetHandleVerifier [0x00007FF789756AAD+3709933]
	GetHandleVerifier [0x00007FF7897AFFED+4075821]
	GetHandleVerifier [0x00007FF7897A817F+4043455]
	GetHandleVerifier [0x00007FF789479756+706710]
	(No symbol) [0x00007FF78935B8FF]
	(No symbol) [0x00007FF789356AE4]
	(No symbol) [0x00007FF789356C3C]
	(No symbol) [0x00007FF7893468F4]
	BaseThreadInitThunk [0x00007FFF67447344+20]
	RtlUserThreadStart [0x00007FFF676426B1+33]

2024-03-02 14:47:22,167 INFO  解析数据失败，需要进行登录验证...
2024-03-02 15:18:39,601 INFO  开始获取bests_sellers_0_month_src.csv的图书信息数据...
2024-03-02 15:18:39,710 INFO  读取./data/2020/bests_sellers_0_month_src.csv文件中的数据...
2024-03-02 15:18:42,768 INFO  文件./data/2020/bests_sellers_0_month.csv已经存在，不需要创建文件
2024-03-02 15:18:43,394 INFO  开始解析2020年http://product.dangdang.com/28473192.html的图书信息...
2024-03-02 15:18:43,494 ERROR  Message: no such element: Unable to locate element: {"method":"xpath","selector":"//*[@id="product_info"]/div[1]/h1"}
  (Session info: chrome=122.0.6261.95); For documentation on this error, please visit: https://www.selenium.dev/documentation/webdriver/troubleshooting/errors#no-such-element-exception
Stacktrace:
	GetHandleVerifier [0x00007FF6CDBEAD22+56930]
	(No symbol) [0x00007FF6CDB5F622]
	(No symbol) [0x00007FF6CDA142E5]
	(No symbol) [0x00007FF6CDA598ED]
	(No symbol) [0x00007FF6CDA59A2C]
	(No symbol) [0x00007FF6CDA9A967]
	(No symbol) [0x00007FF6CDA7BCDF]
	(No symbol) [0x00007FF6CDA981E2]
	(No symbol) [0x00007FF6CDA7BA43]
	(No symbol) [0x00007FF6CDA4D438]
	(No symbol) [0x00007FF6CDA4E4D1]
	GetHandleVerifier [0x00007FF6CDF66AAD+3709933]
	GetHandleVerifier [0x00007FF6CDFBFFED+4075821]
	GetHandleVerifier [0x00007FF6CDFB817F+4043455]
	GetHandleVerifier [0x00007FF6CDC89756+706710]
	(No symbol) [0x00007FF6CDB6B8FF]
	(No symbol) [0x00007FF6CDB66AE4]
	(No symbol) [0x00007FF6CDB66C3C]
	(No symbol) [0x00007FF6CDB568F4]
	BaseThreadInitThunk [0x00007FFF67447344+20]
	RtlUserThreadStart [0x00007FFF676426B1+33]

2024-03-02 15:18:43,494 INFO  解析数据失败，需要进行登录验证...
2024-03-02 15:25:34,808 INFO  开始获取bests_sellers_0_month_src.csv的图书信息数据...
2024-03-02 15:25:34,809 INFO  读取./data/2020/bests_sellers_0_month_src.csv文件中的数据...
2024-03-02 15:25:37,813 INFO  文件./data/2020/bests_sellers_0_month.csv已经存在，不需要创建文件
2024-03-02 15:25:38,434 INFO  开始解析2020年http://product.dangdang.com/28473192.html的图书信息...
2024-03-02 15:25:38,512 ERROR  Message: no such element: Unable to locate element: {"method":"xpath","selector":"//*[@id="product_info"]/div[1]/h1"}
  (Session info: chrome=122.0.6261.95); For documentation on this error, please visit: https://www.selenium.dev/documentation/webdriver/troubleshooting/errors#no-such-element-exception
Stacktrace:
	GetHandleVerifier [0x00007FF6CDBEAD22+56930]
	(No symbol) [0x00007FF6CDB5F622]
	(No symbol) [0x00007FF6CDA142E5]
	(No symbol) [0x00007FF6CDA598ED]
	(No symbol) [0x00007FF6CDA59A2C]
	(No symbol) [0x00007FF6CDA9A967]
	(No symbol) [0x00007FF6CDA7BCDF]
	(No symbol) [0x00007FF6CDA981E2]
	(No symbol) [0x00007FF6CDA7BA43]
	(No symbol) [0x00007FF6CDA4D438]
	(No symbol) [0x00007FF6CDA4E4D1]
	GetHandleVerifier [0x00007FF6CDF66AAD+3709933]
	GetHandleVerifier [0x00007FF6CDFBFFED+4075821]
	GetHandleVerifier [0x00007FF6CDFB817F+4043455]
	GetHandleVerifier [0x00007FF6CDC89756+706710]
	(No symbol) [0x00007FF6CDB6B8FF]
	(No symbol) [0x00007FF6CDB66AE4]
	(No symbol) [0x00007FF6CDB66C3C]
	(No symbol) [0x00007FF6CDB568F4]
	BaseThreadInitThunk [0x00007FFF67447344+20]
	RtlUserThreadStart [0x00007FFF676426B1+33]

2024-03-02 15:25:38,512 INFO  解析数据失败，需要进行登录验证...
2024-03-02 15:26:23,574 INFO  开始获取bests_sellers_0_month_src.csv的图书信息数据...
2024-03-02 15:26:23,574 INFO  读取./data/2020/bests_sellers_0_month_src.csv文件中的数据...
2024-03-02 15:26:26,582 INFO  文件./data/2020/bests_sellers_0_month.csv已经存在，不需要创建文件
2024-03-02 15:26:27,368 INFO  开始解析2020年http://product.dangdang.com/28473192.html的图书信息...
2024-03-02 15:26:27,463 ERROR  Message: no such element: Unable to locate element: {"method":"xpath","selector":"//*[@id="product_info"]/div[1]/h1"}
  (Session info: chrome=122.0.6261.95); For documentation on this error, please visit: https://www.selenium.dev/documentation/webdriver/troubleshooting/errors#no-such-element-exception
Stacktrace:
	GetHandleVerifier [0x00007FF6CDBEAD22+56930]
	(No symbol) [0x00007FF6CDB5F622]
	(No symbol) [0x00007FF6CDA142E5]
	(No symbol) [0x00007FF6CDA598ED]
	(No symbol) [0x00007FF6CDA59A2C]
	(No symbol) [0x00007FF6CDA9A967]
	(No symbol) [0x00007FF6CDA7BCDF]
	(No symbol) [0x00007FF6CDA981E2]
	(No symbol) [0x00007FF6CDA7BA43]
	(No symbol) [0x00007FF6CDA4D438]
	(No symbol) [0x00007FF6CDA4E4D1]
	GetHandleVerifier [0x00007FF6CDF66AAD+3709933]
	GetHandleVerifier [0x00007FF6CDFBFFED+4075821]
	GetHandleVerifier [0x00007FF6CDFB817F+4043455]
	GetHandleVerifier [0x00007FF6CDC89756+706710]
	(No symbol) [0x00007FF6CDB6B8FF]
	(No symbol) [0x00007FF6CDB66AE4]
	(No symbol) [0x00007FF6CDB66C3C]
	(No symbol) [0x00007FF6CDB568F4]
	BaseThreadInitThunk [0x00007FFF67447344+20]
	RtlUserThreadStart [0x00007FFF676426B1+33]

2024-03-02 15:26:27,464 INFO  解析数据失败，需要进行登录验证...
2024-03-02 15:27:14,403 INFO  开始获取bests_sellers_0_month_src.csv的图书信息数据...
2024-03-02 15:27:14,403 INFO  读取./data/2020/bests_sellers_0_month_src.csv文件中的数据...
2024-03-02 15:27:17,411 INFO  文件./data/2020/bests_sellers_0_month.csv已经存在，不需要创建文件
2024-03-02 15:27:58,022 INFO  开始解析2020年http://product.dangdang.com/28473192.html的图书信息...
2024-03-02 15:27:58,225 INFO  解析数据失败，需要进行登录验证...
2024-03-02 15:28:05,844 INFO  2020年http://product.dangdang.com/28473192.html的图书信息解析完成...
2024-03-02 15:28:05,844 INFO  开始将2020年的图书信息写入到文件中...
2024-03-02 15:28:05,965 INFO  2020年的图书信息写入到文件完成...
2024-03-02 15:28:09,001 INFO  文件./data/2020/bests_sellers_0_month.csv已经存在，不需要创建文件
2024-03-02 15:28:50,049 INFO  开始解析2020年http://product.dangdang.com/23761145.html的图书信息...
2024-03-02 15:28:50,069 INFO  解析数据失败，需要进行登录验证...
2024-03-02 15:28:58,042 INFO  2020年http://product.dangdang.com/23761145.html的图书信息解析完成...
2024-03-02 15:28:58,043 INFO  开始将2020年的图书信息写入到文件中...
2024-03-02 15:28:58,043 INFO  2020年的图书信息写入到文件完成...
2024-03-02 15:29:01,062 INFO  文件./data/2020/bests_sellers_0_month.csv已经存在，不需要创建文件
2024-03-02 15:29:43,151 INFO  开始解析2020年http://product.dangdang.com/25246609.html的图书信息...
2024-03-02 15:29:43,174 INFO  解析数据失败，需要进行登录验证...
2024-03-02 15:29:52,829 INFO  2020年http://product.dangdang.com/25246609.html的图书信息解析完成...
2024-03-02 15:29:52,829 INFO  开始将2020年的图书信息写入到文件中...
2024-03-02 15:29:52,829 INFO  2020年的图书信息写入到文件完成...
2024-03-02 15:29:55,846 INFO  文件./data/2020/bests_sellers_0_month.csv已经存在，不需要创建文件
2024-03-02 15:30:37,953 INFO  开始解析2020年http://product.dangdang.com/25252408.html的图书信息...
2024-03-02 15:30:37,978 INFO  解析数据失败，需要进行登录验证...
2024-03-02 15:30:46,151 INFO  2020年http://product.dangdang.com/25252408.html的图书信息解析完成...
2024-03-02 15:30:46,151 INFO  开始将2020年的图书信息写入到文件中...
2024-03-02 15:30:46,152 INFO  2020年的图书信息写入到文件完成...
2024-03-02 15:30:49,160 INFO  文件./data/2020/bests_sellers_0_month.csv已经存在，不需要创建文件
2024-03-02 15:31:31,158 INFO  开始解析2020年http://product.dangdang.com/24175371.html的图书信息...
2024-03-02 15:31:31,183 INFO  解析数据失败，需要进行登录验证...
2024-03-02 15:31:41,166 INFO  2020年http://product.dangdang.com/24175371.html的图书信息解析完成...
2024-03-02 15:31:41,167 INFO  开始将2020年的图书信息写入到文件中...
2024-03-02 15:31:41,167 INFO  2020年的图书信息写入到文件完成...
2024-03-02 15:31:44,176 INFO  文件./data/2020/bests_sellers_0_month.csv已经存在，不需要创建文件
2024-03-02 15:32:25,544 INFO  开始解析2020年http://product.dangdang.com/26921715.html的图书信息...
2024-03-02 15:32:25,558 ERROR  Message: no such element: Unable to locate element: {"method":"xpath","selector":"//*[@id="product_info"]/div[1]/h1"}
  (Session info: chrome=122.0.6261.95); For documentation on this error, please visit: https://www.selenium.dev/documentation/webdriver/troubleshooting/errors#no-such-element-exception
Stacktrace:
	GetHandleVerifier [0x00007FF6CDBEAD22+56930]
	(No symbol) [0x00007FF6CDB5F622]
	(No symbol) [0x00007FF6CDA142E5]
	(No symbol) [0x00007FF6CDA598ED]
	(No symbol) [0x00007FF6CDA59A2C]
	(No symbol) [0x00007FF6CDA9A967]
	(No symbol) [0x00007FF6CDA7BCDF]
	(No symbol) [0x00007FF6CDA981E2]
	(No symbol) [0x00007FF6CDA7BA43]
	(No symbol) [0x00007FF6CDA4D438]
	(No symbol) [0x00007FF6CDA4E4D1]
	GetHandleVerifier [0x00007FF6CDF66AAD+3709933]
	GetHandleVerifier [0x00007FF6CDFBFFED+4075821]
	GetHandleVerifier [0x00007FF6CDFB817F+4043455]
	GetHandleVerifier [0x00007FF6CDC89756+706710]
	(No symbol) [0x00007FF6CDB6B8FF]
	(No symbol) [0x00007FF6CDB66AE4]
	(No symbol) [0x00007FF6CDB66C3C]
	(No symbol) [0x00007FF6CDB568F4]
	BaseThreadInitThunk [0x00007FFF67447344+20]
	RtlUserThreadStart [0x00007FFF676426B1+33]

2024-03-02 15:32:25,558 INFO  解析数据失败，需要进行登录验证...
