2024-03-01 14:46:52,103 INFO  创建文件./data/2023/bests_sellers_0_month.csv并将头信息写入到文件中
2024-03-01 14:47:20,866 INFO  文件./data/2023/bests_sellers_0_month.csv已经存在，不需要创建文件
2024-03-01 14:48:47,304 INFO  文件./data/2023/bests_sellers_0_month.csv已经存在，不需要创建文件
2024-03-01 14:53:58,816 INFO  文件./data/2023/bests_sellers_0_month.csv已经存在，不需要创建文件
2024-03-01 14:54:00,913 INFO  开始解析2023年http://product.dangdang.com/21055821.html的图书信息...
2024-03-01 14:55:03,450 INFO  文件./data/2023/bests_sellers_0_month.csv已经存在，不需要创建文件
2024-03-01 14:55:05,627 INFO  开始解析2023年http://product.dangdang.com/21055821.html的图书信息...
2024-03-01 14:55:07,812 INFO  2023年http://product.dangdang.com/21055821.html的图书信息解析完成...
2024-03-01 14:55:07,813 INFO  开始将2023年的图书信息写入到文件中...
2024-03-01 14:55:07,918 INFO  2023年的图书信息写入到文件完成...
2024-03-01 14:58:38,885 INFO  文件./data/2023/bests_sellers_0_month.csv已经存在，不需要创建文件
2024-03-01 14:58:40,913 INFO  开始解析2023年http://product.dangdang.com/21055821.html的图书信息...
2024-03-01 14:58:45,652 INFO  2023年http://product.dangdang.com/21055821.html的图书信息解析完成...
2024-03-01 14:58:45,652 INFO  开始将2023年的图书信息写入到文件中...
2024-03-01 14:58:45,653 INFO  2023年的图书信息写入到文件完成...
2024-03-01 15:02:26,126 INFO  文件./data/2023/bests_sellers_0_month.csv已经存在，不需要创建文件
2024-03-01 15:02:28,166 INFO  开始解析2023年http://product.dangdang.com/21055821.html的图书信息...
2024-03-01 15:02:33,201 INFO  2023年http://product.dangdang.com/21055821.html的图书信息解析完成...
2024-03-01 15:02:33,201 INFO  开始将2023年的图书信息写入到文件中...
2024-03-01 15:02:33,202 INFO  2023年的图书信息写入到文件完成...
2024-03-01 15:03:28,229 INFO  文件./data/2023/bests_sellers_0_month.csv已经存在，不需要创建文件
2024-03-01 15:03:30,305 INFO  开始解析2023年http://product.dangdang.com/21055821.html的图书信息...
2024-03-01 15:03:35,486 INFO  2023年http://product.dangdang.com/21055821.html的图书信息解析完成...
2024-03-01 15:03:35,487 INFO  开始将2023年的图书信息写入到文件中...
2024-03-01 15:03:35,487 INFO  2023年的图书信息写入到文件完成...
2024-03-01 15:08:23,936 INFO  创建文件./data/2023/bests_sellers_0_month.csv并将头信息写入到文件中
2024-03-01 15:08:26,145 INFO  开始解析2023年http://product.dangdang.com/21055821.html的图书信息...
2024-03-01 15:08:31,289 INFO  2023年http://product.dangdang.com/21055821.html的图书信息解析完成...
2024-03-01 15:08:31,289 INFO  开始将2023年的图书信息写入到文件中...
2024-03-01 15:08:31,291 INFO  2023年的图书信息写入到文件完成...
